-------------------------------------------------------------------------------
Test set: com.example.security.JwtAuthenticationFilterTest
-------------------------------------------------------------------------------
Tests run: 4, Failures: 0, Errors: 3, Skipped: 0, Time elapsed: 2.240 s <<< FAILURE! -- in com.example.security.JwtAuthenticationFilterTest
com.example.security.JwtAuthenticationFilterTest.testDoFilter_MissingAuthorizationHeader -- Time elapsed: 1.834 s <<< ERROR!
java.lang.NullPointerException: Cannot invoke "com.google.gson.Gson.toJson(Object)" because "this.gson" is null
	at com.example.security.JwtAuthenticationFilter.sendErrorResponse(JwtAuthenticationFilter.java:40)
	at com.example.security.JwtAuthenticationFilter.doFilter(JwtAuthenticationFilter.java:53)
	at com.example.security.JwtAuthenticationFilterTest.testDoFilter_MissingAuthorizationHeader(JwtAuthenticationFilterTest.java:39)
	at java.base/java.lang.reflect.Method.invoke(Method.java:569)
	at java.base/java.util.ArrayList.forEach(ArrayList.java:1511)
	at java.base/java.util.ArrayList.forEach(ArrayList.java:1511)

com.example.security.JwtAuthenticationFilterTest.testDoFilter_ValidToken_MissingTransactionId -- Time elapsed: 0.032 s <<< ERROR!
java.lang.NullPointerException: Cannot invoke "com.google.gson.Gson.toJson(Object)" because "this.gson" is null
	at com.example.security.JwtAuthenticationFilter.sendErrorResponse(JwtAuthenticationFilter.java:40)
	at com.example.security.JwtAuthenticationFilter.doFilter(JwtAuthenticationFilter.java:88)
	at com.example.security.JwtAuthenticationFilterTest.testDoFilter_ValidToken_MissingTransactionId(JwtAuthenticationFilterTest.java:63)
	at java.base/java.lang.reflect.Method.invoke(Method.java:569)
	at java.base/java.util.ArrayList.forEach(ArrayList.java:1511)
	at java.base/java.util.ArrayList.forEach(ArrayList.java:1511)

com.example.security.JwtAuthenticationFilterTest.testDoFilter_InvalidToken -- Time elapsed: 0.012 s <<< ERROR!
java.lang.NullPointerException: Cannot invoke "com.google.gson.Gson.toJson(Object)" because "this.gson" is null
	at com.example.security.JwtAuthenticationFilter.sendErrorResponse(JwtAuthenticationFilter.java:40)
	at com.example.security.JwtAuthenticationFilter.doFilter(JwtAuthenticationFilter.java:85)
	at com.example.security.JwtAuthenticationFilterTest.testDoFilter_InvalidToken(JwtAuthenticationFilterTest.java:50)
	at java.base/java.lang.reflect.Method.invoke(Method.java:569)
	at java.base/java.util.ArrayList.forEach(ArrayList.java:1511)
	at java.base/java.util.ArrayList.forEach(ArrayList.java:1511)

