<?xml version="1.0" encoding="UTF-8"?>
<testsuite xmlns:xsi="http://www.w3.org/2001/XMLSchema-instance" xsi:noNamespaceSchemaLocation="https://maven.apache.org/surefire/maven-surefire-plugin/xsd/surefire-test-report.xsd" version="3.0.2" name="com.example.service.TrainerWorkloadServiceImplTest" time="0.11" tests="9" errors="0" skipped="0" failures="0">
  <properties>
[...]
</properties>
  <testcase name="removeTrainingSession_NotEnoughHours" classname="com.example.service.TrainerWorkloadServiceImplTest" time="0.018">
    <system-out><![CDATA[&amp#27;[30m2025-03-28 12:28:55,884&amp#27;[0;39m &amp#27;[34mINFO &amp#27;[0;39m [&amp#27;[34mmain&amp#27;[0;39m] &amp#27;[33mc.e.s.TrainerWorkloadServiceImpl&amp#27;[0;39m: Added 1.0 hours to trainer: trainer1 for year: 2025 month: 3
&amp#27;[30m2025-03-28 12:28:55,885&amp#27;[0;39m &amp#27;[31mWARN &amp#27;[0;39m [&amp#27;[34mmain&amp#27;[0;39m] &amp#27;[33mc.e.s.TrainerWorkloadServiceImpl&amp#27;[0;39m: Trainer: trainer1 does not have enough hours to remove 2.0 hours for year: 2025 month: 3
]]></system-out>
  </testcase>
  <testcase name="removeTrainingSession_TrainerNotFound" classname="com.example.service.TrainerWorkloadServiceImplTest" time="0.005">
    <system-out><![CDATA[&amp#27;[30m2025-03-28 12:28:55,897&amp#27;[0;39m &amp#27;[31mWARN &amp#27;[0;39m [&amp#27;[34mmain&amp#27;[0;39m] &amp#27;[33mc.e.s.TrainerWorkloadServiceImpl&amp#27;[0;39m: No workload found for trainer 'trainer1'
]]></system-out>
  </testcase>
  <testcase name="getTrainerWorkload_WithData" classname="com.example.service.TrainerWorkloadServiceImplTest" time="0.016">
    <system-out><![CDATA[&amp#27;[30m2025-03-28 12:28:55,903&amp#27;[0;39m &amp#27;[34mINFO &amp#27;[0;39m [&amp#27;[34mmain&amp#27;[0;39m] &amp#27;[33mc.e.s.TrainerWorkloadServiceImpl&amp#27;[0;39m: Added 4.0 hours to trainer: trainer1 for year: 2025 month: 3
&amp#27;[30m2025-03-28 12:28:55,903&amp#27;[0;39m &amp#27;[31mWARN &amp#27;[0;39m [&amp#27;[34mmain&amp#27;[0;39m] &amp#27;[33mc.e.s.TrainerWorkloadServiceImpl&amp#27;[0;39m: TrainerWorkload(username=trainer1, firstName=John, lastName=Doe, years=[com.example.model.WorkingYear@967b0a2])
]]></system-out>
  </testcase>
  <testcase name="processWorkload_Delete" classname="com.example.service.TrainerWorkloadServiceImplTest" time="0.013">
    <system-out><![CDATA[&amp#27;[30m2025-03-28 12:28:55,925&amp#27;[0;39m &amp#27;[34mINFO &amp#27;[0;39m [&amp#27;[34mmain&amp#27;[0;39m] &amp#27;[33mc.e.s.TrainerWorkloadServiceImpl&amp#27;[0;39m: Added 3.0 hours to trainer: trainer1 for year: 2025 month: 3
&amp#27;[30m2025-03-28 12:28:55,926&amp#27;[0;39m &amp#27;[34mINFO &amp#27;[0;39m [&amp#27;[34mmain&amp#27;[0;39m] &amp#27;[33mc.e.s.TrainerWorkloadServiceImpl&amp#27;[0;39m: Removed 2.0 hours from trainer: trainer1 for year: 2025 month: 3
]]></system-out>
  </testcase>
  <testcase name="removeTrainingSession" classname="com.example.service.TrainerWorkloadServiceImplTest" time="0.013">
    <system-out><![CDATA[&amp#27;[30m2025-03-28 12:28:55,942&amp#27;[0;39m &amp#27;[34mINFO &amp#27;[0;39m [&amp#27;[34mmain&amp#27;[0;39m] &amp#27;[33mc.e.s.TrainerWorkloadServiceImpl&amp#27;[0;39m: Added 3.0 hours to trainer: trainer1 for year: 2025 month: 3
&amp#27;[30m2025-03-28 12:28:55,944&amp#27;[0;39m &amp#27;[34mINFO &amp#27;[0;39m [&amp#27;[34mmain&amp#27;[0;39m] &amp#27;[33mc.e.s.TrainerWorkloadServiceImpl&amp#27;[0;39m: Removed 2.0 hours from trainer: trainer1 for year: 2025 month: 3
]]></system-out>
  </testcase>
  <testcase name="processWorkload_Add" classname="com.example.service.TrainerWorkloadServiceImplTest" time="0.012">
    <system-out><![CDATA[&amp#27;[30m2025-03-28 12:28:55,956&amp#27;[0;39m &amp#27;[34mINFO &amp#27;[0;39m [&amp#27;[34mmain&amp#27;[0;39m] &amp#27;[33mc.e.s.TrainerWorkloadServiceImpl&amp#27;[0;39m: Added 2.0 hours to trainer: trainer1 for year: 2025 month: 3
]]></system-out>
  </testcase>
  <testcase name="addTrainingSession_ExistingTrainer" classname="com.example.service.TrainerWorkloadServiceImplTest" time="0.007">
    <system-out><![CDATA[&amp#27;[30m2025-03-28 12:28:55,965&amp#27;[0;39m &amp#27;[34mINFO &amp#27;[0;39m [&amp#27;[34mmain&amp#27;[0;39m] &amp#27;[33mc.e.s.TrainerWorkloadServiceImpl&amp#27;[0;39m: Added 2.0 hours to trainer: trainer1 for year: 2025 month: 3
&amp#27;[30m2025-03-28 12:28:55,966&amp#27;[0;39m &amp#27;[34mINFO &amp#27;[0;39m [&amp#27;[34mmain&amp#27;[0;39m] &amp#27;[33mc.e.s.TrainerWorkloadServiceImpl&amp#27;[0;39m: Added 1.5 hours to trainer: trainer1 for year: 2025 month: 3
]]></system-out>
  </testcase>
  <testcase name="addTrainingSession" classname="com.example.service.TrainerWorkloadServiceImplTest" time="0.005">
    <system-out><![CDATA[&amp#27;[30m2025-03-28 12:28:55,972&amp#27;[0;39m &amp#27;[34mINFO &amp#27;[0;39m [&amp#27;[34mmain&amp#27;[0;39m] &amp#27;[33mc.e.s.TrainerWorkloadServiceImpl&amp#27;[0;39m: Added 2.0 hours to trainer: trainer1 for year: 2025 month: 3
]]></system-out>
  </testcase>
  <testcase name="getTrainerWorkload_NoData" classname="com.example.service.TrainerWorkloadServiceImplTest" time="0.006">
    <system-out><![CDATA[&amp#27;[30m2025-03-28 12:28:55,981&amp#27;[0;39m &amp#27;[31mWARN &amp#27;[0;39m [&amp#27;[34mmain&amp#27;[0;39m] &amp#27;[33mc.e.s.TrainerWorkloadServiceImpl&amp#27;[0;39m: null
&amp#27;[30m2025-03-28 12:28:55,981&amp#27;[0;39m &amp#27;[31mWARN &amp#27;[0;39m [&amp#27;[34mmain&amp#27;[0;39m] &amp#27;[33mc.e.s.TrainerWorkloadServiceImpl&amp#27;[0;39m: No workload found for trainer 'trainer1'
]]></system-out>
  </testcase>
</testsuite>