GROUP,PACKAGE,CLASS,INSTRUCTION_MISSED,INSTRUCTION_COVERED,BRANCH_MISSED,BRANCH_COVERED,LINE_MISSED,LINE_COVERED,COMPLEXITY_MISSED,COMPLEXITY_COVERED,METHOD_MISSED,METHOD_COVERED
demo,com.example.dto,ActionType,0,15,0,0,0,2,0,1,0,1
demo,com.example,Main,5,3,0,0,2,1,1,1,1,1
demo,com.example.controller,TrainerWorkloadController,0,16,0,0,0,3,0,2,0,2
demo,com.example.service,TrainerWorkloadServiceImpl,55,416,10,24,11,71,13,19,3,12
demo,com.example.security,JwtService,28,0,0,0,5,0,4,0,4,0
demo,com.example.security,JwtAuthenticationFilter,14,135,3,7,5,31,3,5,0,3
